2024-06-04 14:01:08.171 - DBeaver 24.0.1.202403241413 is starting
2024-06-04 14:01:08.174 - OS: Windows 11 10.0 (amd64)
2024-06-04 14:01:08.175 - Java version: 17.0.6 by Eclipse Adoptium (64bit)
2024-06-04 14:01:08.176 - Install path: 'C:\homework_sas\web_dbms\dbeaver'
2024-06-04 14:01:08.176 - Instance path: 'file:/C:/homework_sas/web/TimeNotionBack/'
2024-06-04 14:01:08.178 - Memory available 64Mb/1024Mb
2024-06-04 14:01:08.194 - Create display
2024-06-04 14:01:08.364 - Initialize desktop platform...
2024-06-04 14:01:08.668 - BounceCastle bundle found. Use JCE provider BC
> Start Core File Systems [org.eclipse.core.filesystem 1.10.200.v20231102-0934]
> Start Core Resource Management [org.eclipse.core.resources 3.20.0.v20231102-0934]
> Start 팀 지원 핵심 [org.eclipse.team.core 3.10.200.v20231106-1240]
> Start DBeaver UI Navigator [org.jkiss.dbeaver.ui.navigator 1.0.127.202403241413]
2024-06-04 14:01:09.311 - Initialize base platform...
2024-06-04 14:01:09.340 - Platform initialized (976ms)
> Start DBeaver UI Editors - Base [org.jkiss.dbeaver.ui.editors.base 1.0.127.202403241413]
2024-06-04 14:01:09.407 - Starting instance server at http://localhost:53611
2024-06-04 14:01:09.418 - Run workbench
> Start Eclipse e4 작업영역 SWT [org.eclipse.e4.ui.workbench.swt 0.17.200.v20231030-2045]
> Start Eclipse Application Services [org.eclipse.e4.core.services 2.4.200.v20231103-2012]
> Start Eclipse UI Application Services [org.eclipse.e4.ui.services 1.6.200.v20231030-2045]
> Start Eclipse e4 Progress View [org.eclipse.e4.ui.progress 0.4.200.v20231030-2045]
> Start Eclipse Bindings Support [org.eclipse.e4.ui.bindings 0.14.200.v20231030-2045]
> Start Eclipse e4 core commands [org.eclipse.e4.core.commands 1.1.200.v20231108-1058]
> Start EMF XML/XMI Persistence [org.eclipse.emf.ecore.xmi 2.36.0.v20231002-1156]
> Start Eclipse CSS SWT Theme Support [org.eclipse.e4.ui.css.swt.theme 0.14.200.v20230913-1724]
> Start Eclipse e4 작업영역 기능 추가 [org.eclipse.e4.ui.workbench.addons.swt 1.5.200.v20231106-1600]
> Start Eclipse e4 작업영역 SWT 렌더러 [org.eclipse.e4.ui.workbench.renderers.swt 0.16.200.v20231030-2045]
> Start Eclipse Dependency Injection Extensions [org.eclipse.e4.core.di.extensions 0.18.100.v20231103-2012]
> Start Eclipse CSS SWT Support [org.eclipse.e4.ui.css.swt 0.15.200.v20231025-0632]
2024-06-04 14:01:11.708 - Configure workbench window
> Start DBeaver SQL Model [org.jkiss.dbeaver.model.sql 1.0.117.202403241413]
2024-06-04 14:01:11.941 - Total database drivers: 112 (112)
> Start 도움말 시스템 코어 [org.eclipse.help 3.10.200.v20231106-1240]
2024-06-04 14:01:12.074 - Create actions
2024-06-04 14:01:12.084 - Disable Eclipse action set 'org.eclipse.ui.edit.text.actionSet.annotationNavigation'
2024-06-04 14:01:12.086 - Disable Eclipse action set 'org.eclipse.ui.WorkingSetActionSet'
2024-06-04 14:01:12.086 - Disable Eclipse action set 'org.eclipse.ui.actionSet.openFiles'
> Start jna [com.sun.jna 5.13.0.v20230812-1000]
2024-06-04 14:01:13.039 - Initialize workbench window
2024-06-04 14:01:13.046 - Finish initialization
> Start 기본 문서 편집기 [org.eclipse.ui.editors 3.17.100.v20231106-1600]
> Start 텍스트 편집기 프레임워크 [org.eclipse.ui.workbench.texteditor 3.17.200.v20231106-1600]
> Start DBeaver UI Editors - Data [org.jkiss.dbeaver.ui.editors.data 1.0.127.202403241413]
Warning: NLS unused message: actions_navigator__objects in: org.jkiss.dbeaver.ui.editors.sql.internal.SQLEditorMessages
> Start DBeaver UI Editors - SQL [org.jkiss.dbeaver.ui.editors.sql 1.0.127.202403241413]
> Start DBeaver SQL Terminal [org.jkiss.dbeaver.ui.editors.sql.terminal 1.0.103.202403241413]
> Start 핵심 비교 지원 [org.eclipse.compare.core 3.8.300.v20231106-1240]
> Start 인터넷 연결 관리 사용자 인터페이스 [org.eclipse.ui.net 1.5.200.v20231106-1240]
> Start Internet Connection Management [org.eclipse.core.net 1.5.200.v20231106-1240]
> Start DBeaver Sample Database [org.jkiss.dbeaver.ext.sample.database 1.0.164.202403241413]
> Start DBeaver Tip of the day [org.jkiss.dbeaver.ext.ui.tipoftheday 1.0.133.202403241413]
> Start GEF Classic Draw2d [org.eclipse.draw2d 3.14.100.202311222042]
> Start GEF Classic GEF (MVC) [org.eclipse.gef 3.16.0.202311222042]
> Start DBeaver ERD UI [org.jkiss.dbeaver.erd.ui 3.0.87.202403241413]
> Start DBeaver ERD Model [org.jkiss.dbeaver.erd.model 1.0.87.202403241413]
> Start DBeaver JDBC Model [org.jkiss.dbeaver.model.jdbc 1.0.20.202403241413]
> Start DBeaver Oracle Model [org.jkiss.dbeaver.ext.oracle 2.1.212.202403241413]
> Start DBeaver UI Editors - Connections [org.jkiss.dbeaver.ui.editors.connection 1.0.118.202403241413]
> Start 콘솔 [org.eclipse.ui.console 3.13.100.v20230914-0751]
> Start 디버그 핵심 [org.eclipse.debug.core 3.21.200.v20231021-1513]
2024-06-04 14:01:16.441 - Connect with 'localhost 2' (oracle_thin-18fd9d1d2a1-55ead05805580258)
> Start DBeaver SQL Language Semantic Model [org.jkiss.dbeaver.model.lsm 1.0.22.202403241413]
2024-06-04 14:01:16.485 - Execution context opened (localhost 2; Main; 0)
> Start DBeaver Tasks - Native Tools UI [org.jkiss.dbeaver.tasks.native.ui 1.0.105.202403241413]
> Start DBeaver Oracle UI [org.jkiss.dbeaver.ext.oracle.ui 1.0.114.202403241413]
> Start DBeaver Tasks - General UI [org.jkiss.dbeaver.tasks.ui 1.0.105.202403241413]
2024-06-04 14:01:17.776 - Open [https://dbeaver.io/product/version.xml]
2024-06-04 14:01:17.969 - Execution context opened (localhost 2; Metadata; 1)
2024-06-04 14:01:18.716 - Connected (oracle_thin-18fd9d1d2a1-55ead05805580258, Oracle JDBC driver [23.2.0.0.0])
2024-06-04 14:01:18.724 - Execution context opened (localhost 2; SQLEditor <Script-3.sql>; 2)
2024-06-04 14:01:19.936 - Downloading installation file to C:\Users\임숙경\AppData\Local\Temp\dbeaver-ce-latest-win32.win32.x86_64.zip3105413377697290906\dbeaver-ce-latest-win32.win32.x86_64.zip
2024-06-04 14:01:19.939 - Open [https://dbeaver.io/files/dbeaver-ce-latest-win32.win32.x86_64.zip]
2024-06-04 14:06:09.109 - SQL Error [911] [22019]: ORA-00911: invalid character


Error position: line: 78 pos: 486
org.jkiss.dbeaver.model.sql.DBSQLException: SQL Error [911] [22019]: ORA-00911: invalid character

	at org.jkiss.dbeaver.model.impl.jdbc.exec.JDBCStatementImpl.executeStatement(JDBCStatementImpl.java:133)
	at org.jkiss.dbeaver.ui.editors.sql.execute.SQLQueryJob.executeStatement(SQLQueryJob.java:614)
	at org.jkiss.dbeaver.ui.editors.sql.execute.SQLQueryJob.lambda$2(SQLQueryJob.java:505)
	at org.jkiss.dbeaver.model.exec.DBExecUtils.tryExecuteRecover(DBExecUtils.java:191)
	at org.jkiss.dbeaver.ui.editors.sql.execute.SQLQueryJob.executeSingleQuery(SQLQueryJob.java:524)
	at org.jkiss.dbeaver.ui.editors.sql.execute.SQLQueryJob.extractData(SQLQueryJob.java:976)
	at org.jkiss.dbeaver.ui.editors.sql.SQLEditor$QueryResultsContainer.readData(SQLEditor.java:4133)
	at org.jkiss.dbeaver.ui.controls.resultset.ResultSetJobDataRead.lambda$0(ResultSetJobDataRead.java:123)
	at org.jkiss.dbeaver.model.exec.DBExecUtils.tryExecuteRecover(DBExecUtils.java:191)
	at org.jkiss.dbeaver.ui.controls.resultset.ResultSetJobDataRead.run(ResultSetJobDataRead.java:121)
	at org.jkiss.dbeaver.ui.controls.resultset.ResultSetViewer$ResultSetDataPumpJob.run(ResultSetViewer.java:5148)
	at org.jkiss.dbeaver.model.runtime.AbstractJob.run(AbstractJob.java:114)
	at org.eclipse.core.internal.jobs.Worker.run(Worker.java:63)
Caused by: java.sql.SQLSyntaxErrorException: ORA-00911: invalid character

	at oracle.jdbc.driver.T4CTTIoer11.processError(T4CTTIoer11.java:702)
	at oracle.jdbc.driver.T4CTTIoer11.processError(T4CTTIoer11.java:608)
	at oracle.jdbc.driver.T4C8Oall.processError(T4C8Oall.java:1335)
	at oracle.jdbc.driver.T4CTTIfun.receive(T4CTTIfun.java:1041)
	at oracle.jdbc.driver.T4CTTIfun.doRPC(T4CTTIfun.java:443)
	at oracle.jdbc.driver.T4C8Oall.doOALL(T4C8Oall.java:533)
	at oracle.jdbc.driver.T4CStatement.doOall8(T4CStatement.java:176)
	at oracle.jdbc.driver.T4CStatement.executeForDescribe(T4CStatement.java:1050)
	at oracle.jdbc.driver.OracleStatement.prepareDefineBufferAndExecute(OracleStatement.java:1318)
	at oracle.jdbc.driver.OracleStatement.executeMaybeDescribe(OracleStatement.java:1197)
	at oracle.jdbc.driver.OracleStatement.executeSQLSelect(OracleStatement.java:1721)
	at oracle.jdbc.driver.OracleStatement.doExecuteWithTimeout(OracleStatement.java:1518)
	at oracle.jdbc.driver.OracleStatement.executeInternal(OracleStatement.java:2557)
	at oracle.jdbc.driver.OracleStatement.execute(OracleStatement.java:2506)
	at oracle.jdbc.driver.OracleStatementWrapper.execute(OracleStatementWrapper.java:334)
	at org.jkiss.dbeaver.model.impl.jdbc.exec.JDBCStatementImpl.execute(JDBCStatementImpl.java:330)
	at org.jkiss.dbeaver.model.impl.jdbc.exec.JDBCStatementImpl.executeStatement(JDBCStatementImpl.java:131)
	... 12 more
Caused by: Error : 911, Position : 486, SQL = SELECT
        u.USER_ID AS followerId,
        u.USER_NICKNAME AS userNickname,
        (SELECT COUNT(*) FROM GGHJ_FOLLOW f WHERE f.FOLLOW_FROM_USER = u.USER_ID) AS followingCount,
        (SELECT COUNT(*) FROM GGHJ_FOLLOW f WHERE f.FOLLOW_TO_USER = u.USER_ID) AS followerCount,
        f.USER_FILE_PROFILE_SOURCE,
        f.USER_FILE_BACK_SOURCE
        FROM
        GGHJ_USER u
        LEFT JOIN GGHJ_USER_FILE f ON u.USER_ID = f.USER_ID
        WHERE
        u.USER_ID = #{uniId}
        UNION ALL
        SELECT
        k.KAKAO_ID AS followingId,
        k.name AS userNickname,
        (SELECT COUNT(*) FROM GGHJ_FOLLOW f WHERE f.FOLLOW_FROM_USER = k.KAKAO_ID) AS followingCount,
        (SELECT COUNT(*) FROM GGHJ_FOLLOW f WHERE f.FOLLOW_TO_USER = k.KAKAO_ID) AS followerCount,
        ff.USER_FILE_PROFILE_SOURCE,
        ff.USER_FILE_BACK_SOURCE
        FROM
        GGHJ_KAKAO k
        LEFT JOIN GGHJ_USER_FILE ff ON k.KAKAO_ID = ff.USER_ID
        WHERE
        k.KAKAO_ID = #{uniId}, Original SQL = SELECT
        u.USER_ID AS followerId,
        u.USER_NICKNAME AS userNickname,
        (SELECT COUNT(*) FROM GGHJ_FOLLOW f WHERE f.FOLLOW_FROM_USER = u.USER_ID) AS followingCount,
        (SELECT COUNT(*) FROM GGHJ_FOLLOW f WHERE f.FOLLOW_TO_USER = u.USER_ID) AS followerCount,
        f.USER_FILE_PROFILE_SOURCE,
        f.USER_FILE_BACK_SOURCE
        FROM
        GGHJ_USER u
        LEFT JOIN GGHJ_USER_FILE f ON u.USER_ID = f.USER_ID
        WHERE
        u.USER_ID = #{uniId}
        UNION ALL
        SELECT
        k.KAKAO_ID AS followingId,
        k.name AS userNickname,
        (SELECT COUNT(*) FROM GGHJ_FOLLOW f WHERE f.FOLLOW_FROM_USER = k.KAKAO_ID) AS followingCount,
        (SELECT COUNT(*) FROM GGHJ_FOLLOW f WHERE f.FOLLOW_TO_USER = k.KAKAO_ID) AS followerCount,
        ff.USER_FILE_PROFILE_SOURCE,
        ff.USER_FILE_BACK_SOURCE
        FROM
        GGHJ_KAKAO k
        LEFT JOIN GGHJ_USER_FILE ff ON k.KAKAO_ID = ff.USER_ID
        WHERE
        k.KAKAO_ID = #{uniId}, Error Message = ORA-00911: invalid character

	at oracle.jdbc.driver.T4CTTIoer11.processError(T4CTTIoer11.java:710)
	... 28 more
2024-06-04 14:32:06.238 - SQL Error [911] [22019]: ORA-00911: invalid character

org.jkiss.dbeaver.model.sql.DBSQLException: SQL Error [911] [22019]: ORA-00911: invalid character

	at org.jkiss.dbeaver.model.impl.jdbc.exec.JDBCStatementImpl.executeStatement(JDBCStatementImpl.java:133)
	at org.jkiss.dbeaver.ui.editors.sql.execute.SQLQueryJob.executeStatement(SQLQueryJob.java:614)
	at org.jkiss.dbeaver.ui.editors.sql.execute.SQLQueryJob.lambda$2(SQLQueryJob.java:505)
	at org.jkiss.dbeaver.model.exec.DBExecUtils.tryExecuteRecover(DBExecUtils.java:191)
	at org.jkiss.dbeaver.ui.editors.sql.execute.SQLQueryJob.executeSingleQuery(SQLQueryJob.java:524)
	at org.jkiss.dbeaver.ui.editors.sql.execute.SQLQueryJob.extractData(SQLQueryJob.java:976)
	at org.jkiss.dbeaver.ui.editors.sql.SQLEditor$QueryResultsContainer.readData(SQLEditor.java:4133)
	at org.jkiss.dbeaver.ui.controls.resultset.ResultSetJobDataRead.lambda$0(ResultSetJobDataRead.java:123)
	at org.jkiss.dbeaver.model.exec.DBExecUtils.tryExecuteRecover(DBExecUtils.java:191)
	at org.jkiss.dbeaver.ui.controls.resultset.ResultSetJobDataRead.run(ResultSetJobDataRead.java:121)
	at org.jkiss.dbeaver.ui.controls.resultset.ResultSetViewer$ResultSetDataPumpJob.run(ResultSetViewer.java:5148)
	at org.jkiss.dbeaver.model.runtime.AbstractJob.run(AbstractJob.java:114)
	at org.eclipse.core.internal.jobs.Worker.run(Worker.java:63)
Caused by: java.sql.SQLSyntaxErrorException: ORA-00911: invalid character

	at oracle.jdbc.driver.T4CTTIoer11.processError(T4CTTIoer11.java:702)
	at oracle.jdbc.driver.T4CTTIoer11.processError(T4CTTIoer11.java:608)
	at oracle.jdbc.driver.T4C8Oall.processError(T4C8Oall.java:1335)
	at oracle.jdbc.driver.T4CTTIfun.receive(T4CTTIfun.java:1041)
	at oracle.jdbc.driver.T4CTTIfun.doRPC(T4CTTIfun.java:443)
	at oracle.jdbc.driver.T4C8Oall.doOALL(T4C8Oall.java:533)
	at oracle.jdbc.driver.T4CStatement.doOall8(T4CStatement.java:176)
	at oracle.jdbc.driver.T4CStatement.executeForDescribe(T4CStatement.java:1050)
	at oracle.jdbc.driver.OracleStatement.prepareDefineBufferAndExecute(OracleStatement.java:1318)
	at oracle.jdbc.driver.OracleStatement.executeMaybeDescribe(OracleStatement.java:1197)
	at oracle.jdbc.driver.OracleStatement.executeSQLSelect(OracleStatement.java:1721)
	at oracle.jdbc.driver.OracleStatement.doExecuteWithTimeout(OracleStatement.java:1518)
	at oracle.jdbc.driver.OracleStatement.executeInternal(OracleStatement.java:2557)
	at oracle.jdbc.driver.OracleStatement.execute(OracleStatement.java:2506)
	at oracle.jdbc.driver.OracleStatementWrapper.execute(OracleStatementWrapper.java:334)
	at org.jkiss.dbeaver.model.impl.jdbc.exec.JDBCStatementImpl.execute(JDBCStatementImpl.java:330)
	at org.jkiss.dbeaver.model.impl.jdbc.exec.JDBCStatementImpl.executeStatement(JDBCStatementImpl.java:131)
	... 12 more
Caused by: Error : 911, Position : 486, SQL = SELECT
        u.USER_ID AS followerId,
        u.USER_NICKNAME AS userNickname,
        (SELECT COUNT(*) FROM GGHJ_FOLLOW f WHERE f.FOLLOW_FROM_USER = u.USER_ID) AS followingCount,
        (SELECT COUNT(*) FROM GGHJ_FOLLOW f WHERE f.FOLLOW_TO_USER = u.USER_ID) AS followerCount,
        f.USER_FILE_PROFILE_SOURCE,
        f.USER_FILE_BACK_SOURCE
        FROM
        GGHJ_USER u
        LEFT JOIN GGHJ_USER_FILE f ON u.USER_ID = f.USER_ID
        WHERE
        u.USER_ID = #{uniId}
        UNION ALL
        SELECT
        k.KAKAO_ID AS followingId,
        k.name AS userNickname,
        (SELECT COUNT(*) FROM GGHJ_FOLLOW f WHERE f.FOLLOW_FROM_USER = k.KAKAO_ID) AS followingCount,
        (SELECT COUNT(*) FROM GGHJ_FOLLOW f WHERE f.FOLLOW_TO_USER = k.KAKAO_ID) AS followerCount,
        ff.USER_FILE_PROFILE_SOURCE,
        ff.USER_FILE_BACK_SOURCE
        FROM
        GGHJ_KAKAO k
        LEFT JOIN GGHJ_USER_FILE ff ON k.KAKAO_ID = ff.USER_ID
        WHERE
        k.KAKAO_ID = #{uniId}, Original SQL = SELECT
        u.USER_ID AS followerId,
        u.USER_NICKNAME AS userNickname,
        (SELECT COUNT(*) FROM GGHJ_FOLLOW f WHERE f.FOLLOW_FROM_USER = u.USER_ID) AS followingCount,
        (SELECT COUNT(*) FROM GGHJ_FOLLOW f WHERE f.FOLLOW_TO_USER = u.USER_ID) AS followerCount,
        f.USER_FILE_PROFILE_SOURCE,
        f.USER_FILE_BACK_SOURCE
        FROM
        GGHJ_USER u
        LEFT JOIN GGHJ_USER_FILE f ON u.USER_ID = f.USER_ID
        WHERE
        u.USER_ID = #{uniId}
        UNION ALL
        SELECT
        k.KAKAO_ID AS followingId,
        k.name AS userNickname,
        (SELECT COUNT(*) FROM GGHJ_FOLLOW f WHERE f.FOLLOW_FROM_USER = k.KAKAO_ID) AS followingCount,
        (SELECT COUNT(*) FROM GGHJ_FOLLOW f WHERE f.FOLLOW_TO_USER = k.KAKAO_ID) AS followerCount,
        ff.USER_FILE_PROFILE_SOURCE,
        ff.USER_FILE_BACK_SOURCE
        FROM
        GGHJ_KAKAO k
        LEFT JOIN GGHJ_USER_FILE ff ON k.KAKAO_ID = ff.USER_ID
        WHERE
        k.KAKAO_ID = #{uniId}, Error Message = ORA-00911: invalid character

	at oracle.jdbc.driver.T4CTTIoer11.processError(T4CTTIoer11.java:710)
	... 28 more
